Performing C SOURCE FILE Test CMAKE_HAVE_LIBC_PTHREAD failed with the following output:
Change Dir: /home/solo/VDSProject08/build/CMakeFiles/CMakeTmp

Run Build Command(s):/usr/bin/make cmTC_a4f79/fast && make[1]: Entering directory '/home/solo/VDSProject08/build/CMakeFiles/CMakeTmp'
/usr/bin/make -f CMakeFiles/cmTC_a4f79.dir/build.make CMakeFiles/cmTC_a4f79.dir/build
make[2]: Entering directory '/home/solo/VDSProject08/build/CMakeFiles/CMakeTmp'
Building C object CMakeFiles/cmTC_a4f79.dir/src.c.o
/bin/x86_64-linux-gnu-gcc-9   -DCMAKE_HAVE_LIBC_PTHREAD   -o CMakeFiles/cmTC_a4f79.dir/src.c.o   -c /home/solo/VDSProject08/build/CMakeFiles/CMakeTmp/src.c
Linking C executable cmTC_a4f79
/usr/bin/cmake -E cmake_link_script CMakeFiles/cmTC_a4f79.dir/link.txt --verbose=1
/bin/x86_64-linux-gnu-gcc-9  -DCMAKE_HAVE_LIBC_PTHREAD    -rdynamic CMakeFiles/cmTC_a4f79.dir/src.c.o  -o cmTC_a4f79 
/usr/bin/ld: CMakeFiles/cmTC_a4f79.dir/src.c.o: in function `main':
src.c:(.text+0x46): undefined reference to `pthread_create'
/usr/bin/ld: src.c:(.text+0x52): undefined reference to `pthread_detach'
/usr/bin/ld: src.c:(.text+0x63): undefined reference to `pthread_join'
collect2: error: ld returned 1 exit status
make[2]: *** [CMakeFiles/cmTC_a4f79.dir/build.make:87: cmTC_a4f79] Error 1
make[2]: Leaving directory '/home/solo/VDSProject08/build/CMakeFiles/CMakeTmp'
make[1]: *** [Makefile:121: cmTC_a4f79/fast] Error 2
make[1]: Leaving directory '/home/solo/VDSProject08/build/CMakeFiles/CMakeTmp'


Source file was:
#include <pthread.h>

void* test_func(void* data)
{
  return data;
}

int main(void)
{
  pthread_t thread;
  pthread_create(&thread, NULL, test_func, NULL);
  pthread_detach(thread);
  pthread_join(thread, NULL);
  pthread_atfork(NULL, NULL, NULL);
  pthread_exit(NULL);

  return 0;
}

Determining if the function pthread_create exists in the pthreads failed with the following output:
Change Dir: /home/solo/VDSProject08/build/CMakeFiles/CMakeTmp

Run Build Command(s):/usr/bin/make cmTC_6cd95/fast && make[1]: Entering directory '/home/solo/VDSProject08/build/CMakeFiles/CMakeTmp'
/usr/bin/make -f CMakeFiles/cmTC_6cd95.dir/build.make CMakeFiles/cmTC_6cd95.dir/build
make[2]: Entering directory '/home/solo/VDSProject08/build/CMakeFiles/CMakeTmp'
Building C object CMakeFiles/cmTC_6cd95.dir/CheckFunctionExists.c.o
/bin/x86_64-linux-gnu-gcc-9   -DCHECK_FUNCTION_EXISTS=pthread_create   -o CMakeFiles/cmTC_6cd95.dir/CheckFunctionExists.c.o   -c /usr/share/cmake-3.16/Modules/CheckFunctionExists.c
Linking C executable cmTC_6cd95
/usr/bin/cmake -E cmake_link_script CMakeFiles/cmTC_6cd95.dir/link.txt --verbose=1
/bin/x86_64-linux-gnu-gcc-9  -DCHECK_FUNCTION_EXISTS=pthread_create    -rdynamic CMakeFiles/cmTC_6cd95.dir/CheckFunctionExists.c.o  -o cmTC_6cd95  -lpthreads 
/usr/bin/ld: cannot find -lpthreads
collect2: error: ld returned 1 exit status
make[2]: *** [CMakeFiles/cmTC_6cd95.dir/build.make:87: cmTC_6cd95] Error 1
make[2]: Leaving directory '/home/solo/VDSProject08/build/CMakeFiles/CMakeTmp'
make[1]: *** [Makefile:121: cmTC_6cd95/fast] Error 2
make[1]: Leaving directory '/home/solo/VDSProject08/build/CMakeFiles/CMakeTmp'



